<?xml version="1.0" encoding="UTF-8"?>
<testsuite name="com.lifeway.gradle.plugin.JaxbPluginSpec" tests="1" skipped="0" failures="0" errors="0" timestamp="2014-07-01T15:36:40" hostname="A00015377" time="1.459">
  <properties/>
  <testcase name="should apply plugin to project" classname="com.lifeway.gradle.plugin.JaxbPluginSpec" time="1.459"/>
  <system-out><![CDATA[10:36:41.383 [Test worker] DEBUG o.g.a.i.a.m.DefaultLocalMavenRepositoryLocator - No local repository in Settings file defined. Using default path: /Users/sford/.m2/repository
]]></system-out>
  <system-err><![CDATA[]]></system-err>
</testsuite>
